Arguments: 
  C:\Program Files\nodejs\node.exe C:\Program Files (x86)\Yarn\bin\yarn.js install

PATH: 
  C:\Program Files (x86)\Common Files\Oracle\Java\javapath;C:\Python311\Scripts\;C:\Python311\;C:\Windows\system32;C:\Windows;C:\Windows\System32\Wbem;C:\Windows\System32\WindowsPowerShell\v1.0\;C:\Windows\System32\OpenSSH\;C:\Program Files\NVIDIA Corporation\NVIDIA NvDLISR;C:\Program Files\dotnet\;C:\Program Files\PuTTY\;C:\Program Files (x86)\WinSCP\;C:\Program Files\Git\cmd;C:\Program Files (x86)\NVIDIA Corporation\PhysX\Common;C:\ProgramData\chocolatey\bin;C:\Users\user\AppData\Local\Pub\Cache\bin;C:\Program Files\Microsoft SQL Server\Client SDK\ODBC\170\Tools\Binn\;C:\Program Files (x86)\Microsoft SQL Server\150\Tools\Binn\;C:\Program Files\Microsoft SQL Server\150\Tools\Binn\;C:\Program Files\Microsoft SQL Server\150\DTS\Binn\;C:\Program Files (x86)\Microsoft SQL Server\150\DTS\Binn\;C:\Program Files\Azure Data Studio\bin;C:\Program Files (x86)\dotnet\;C:\Program Files\nodejs\;C:\Program Files (x86)\Yarn\bin\;C:\Users\user\AppData\Local\Android\Sdk\platform-tools;C:\Program Files\TortoiseGit\bin;C:\Program Files\Docker\Docker\resources\bin;C:\WINDOWS\system32;C:\WINDOWS;C:\WINDOWS\System32\Wbem;C:\WINDOWS\System32\WindowsPowerShell\v1.0\;C:\WINDOWS\System32\OpenSSH\;C:\Program Files\Microsoft SQL Server\120\Tools\Binn\;C:\src\lib\jdk-11.0.16\bin;C:\Users\user\AppData\Local\Microsoft\WindowsApps;C:\Users\user\AppData\Local\Programs\Microsoft VS Code\bin;C:\Users\user\AppData\Local\GitHubDesktop\bin;C:\Program Files\Azure Data Studio\bin;C:\Users\user\AppData\Roaming\npm;C:\Users\user\AppData\Local\Yarn\bin;C:\tools\dart-sdk\bin;C:\Users\user\AppData\Roaming\Pub\Cache\bin;

Yarn version: 
  1.22.19

Node version: 
  16.18.0

Platform: 
  win32 x64

Trace: 
  Error: ENOENT: no such file or directory, copyfile 'C:\Users\user\AppData\Local\Yarn\Cache\v6\npm-puppeteer-extra-plugin-stealth-2.11.2-bd3f5a1781cac8a98c983d148086585a84fcc8f1-integrity\node_modules\puppeteer-extra-plugin-stealth\evasions\chrome.runtime\readme.md' -> 'C:\src\tuto\myzap\node_modules\puppeteer-extra-plugin-stealth\evasions\chrome.runtime\readme.md'

npm manifest: 
  {
    "name": "myzap2.0",
    "description": "<h1 align=\"center\">\r     <a href=\"\">🔗 MyZAP</a>\r </h1>\r <p align=\"center\">🚀 Permite a integração do WhatsApp com qualquer aplicação por meio de requisições POST/GET</p>",
    "version": "1.0.0",
    "main": "index.js",
    "type": "module",
    "scripts": {
      "test": "echo \"Error: no test specified\" && exit 1",
      "start": "node index.js"
    },
    "repository": {
      "type": "git",
      "url": "git+https://github.com/edupoli/MyZap2.0.git"
    },
    "keywords": [
      "whatsapp",
      "api",
      "nodejs",
      "opensource",
      "javascript",
      "wppconnect",
      "venom"
    ],
    "author": "Eduardo Policarpo",
    "license": "MIT",
    "bugs": {
      "url": "https://github.com/edupoli/MyZap2.0/issues"
    },
    "homepage": "https://github.com/edupoli/MyZap2.0#readme",
    "dependencies": {
      "@wppconnect-team/wppconnect": "^1.22",
      "assert": "^*",
      "async-get-file": "^*",
      "axios": "^0.21.2",
      "buffer-to-stream": "^1.0.0",
      "cors": "^*",
      "dotenv": "^*",
      "ejs": "^*",
      "express": "^*",
      "ffmpeg": "^*",
      "firebase": "^9.1.0",
      "fluent-ffmpeg": "^*",
      "form-data": "^3.0.1",
      "mime-types": "^2.1.31",
      "moment": "^*",
      "qrcode": "^*",
      "request": "^*",
      "request-promise": "^*",
      "serve-index": "^*",
      "socket.io": "^*",
      "superagent": "^*",
      "superagent-queue": "^*",
      "url-exists": "^*",
      "valid-url": "^*",
      "venom-bot": "^*",
      "whatsapp-web.js": "^*",
      "yoo-hoo": "^*"
    }
  }

yarn manifest: 
  No manifest

Lockfile: 
  No lockfile
